2020-05-11 18:06:23,491 [Worker-2: Loading available Gradle versions] INFO  o.e.b.c.i.u.g.PublishedGradleVersions - Gradle version information cache is out-of-date. Trying to update.
2020-05-11 18:18:34,034 [Worker-5: Loading available Gradle versions] INFO  o.e.b.c.i.u.g.PublishedGradleVersions - Gradle version information cache is up-to-date. Trying to read.
2020-05-11 18:26:23,154 [Start Help Server] INFO  org.eclipse.jetty.util.log - Logging initialized @778335ms to org.eclipse.jetty.util.log.Slf4jLog
2020-05-11 18:26:23,399 [Start Help Server] INFO  org.eclipse.jetty.server.Server - jetty-9.4.27.v20200227; built: 2020-03-02T14:40:42.212Z; git: a304fd9f351f337e7c0e2a7c28878dd536149c6c; jvm 1.8.0_231-b11
2020-05-11 18:26:23,426 [Start Help Server] INFO  org.eclipse.jetty.server.session - DefaultSessionIdManager workerName=node0
2020-05-11 18:26:23,426 [Start Help Server] INFO  org.eclipse.jetty.server.session - No SessionScavenger set, using defaults
2020-05-11 18:26:23,428 [Start Help Server] INFO  org.eclipse.jetty.server.session - node0 Scavenging every 600000ms
2020-05-11 18:26:23,468 [Start Help Server] INFO  o.e.j.server.handler.ContextHandler - Started o.e.j.s.ServletContextHandler@4eb2cb1c{/help,null,AVAILABLE}
2020-05-11 18:26:23,487 [Start Help Server] INFO  o.e.jetty.server.AbstractConnector - Started ServerConnector@5c2dc79b{HTTP/1.1, (http/1.1)}{127.0.0.1:57207}
2020-05-11 18:26:23,488 [Start Help Server] INFO  org.eclipse.jetty.server.Server - Started @778671ms
2020-05-11 18:26:23,488 [Start Help Server] INFO  org.eclipse.jetty.server.session - node0 Scavenging every 660000ms
2020-05-12 23:13:35,784 [Stop Help Server] INFO  o.e.jetty.server.AbstractConnector - Stopped ServerConnector@5c2dc79b{HTTP/1.1, (http/1.1)}{127.0.0.1:0}
2020-05-12 23:13:35,785 [Stop Help Server] INFO  org.eclipse.jetty.server.session - node0 Stopped scavenging
2020-05-12 23:13:35,899 [Stop Help Server] INFO  o.e.j.server.handler.ContextHandler - Stopped o.e.j.s.ServletContextHandler@4eb2cb1c{/help,null,UNAVAILABLE}
2020-05-13 16:53:08,224 [Worker-1: Loading available Gradle versions] INFO  o.e.b.c.i.u.g.PublishedGradleVersions - Gradle version information cache is up-to-date. Trying to read.
2020-05-14 21:28:25,654 [Worker-1: Loading available Gradle versions] INFO  o.e.b.c.i.u.g.PublishedGradleVersions - Gradle version information cache is out-of-date. Trying to update.
2020-05-14 23:53:45,548 [Worker-4: Loading available Gradle versions] INFO  o.e.b.c.i.u.g.PublishedGradleVersions - Gradle version information cache is up-to-date. Trying to read.
2020-05-15 20:44:54,622 [Worker-4: Loading available Gradle versions] INFO  o.e.b.c.i.u.g.PublishedGradleVersions - Gradle version information cache is up-to-date. Trying to read.
2020-05-15 23:26:38,805 [Worker-4: Loading available Gradle versions] INFO  o.e.b.c.i.u.g.PublishedGradleVersions - Gradle version information cache is out-of-date. Trying to update.
2020-05-17 16:47:22,618 [Worker-0: Loading available Gradle versions] INFO  o.e.b.c.i.u.g.PublishedGradleVersions - Gradle version information cache is out-of-date. Trying to update.
2020-05-17 16:47:24,397 [Worker-0: Loading available Gradle versions] INFO  o.e.b.c.i.u.g.PublishedGradleVersions - Updating Gradle version information cache failed. Using outdated cache.
2020-05-17 17:48:20,065 [Worker-1: Loading available Gradle versions] INFO  o.e.b.c.i.u.g.PublishedGradleVersions - Gradle version information cache is out-of-date. Trying to update.
2020-05-18 00:29:54,365 [Worker-4: Loading available Gradle versions] INFO  o.e.b.c.i.u.g.PublishedGradleVersions - Gradle version information cache is up-to-date. Trying to read.
2020-05-19 00:14:09,269 [Worker-6: Loading available Gradle versions] INFO  o.e.b.c.i.u.g.PublishedGradleVersions - Gradle version information cache is out-of-date. Trying to update.
2020-05-19 00:41:03,604 [Start Help Server] INFO  org.eclipse.jetty.util.log - Logging initialized @1719822ms to org.eclipse.jetty.util.log.Slf4jLog
2020-05-19 00:41:03,980 [Start Help Server] INFO  org.eclipse.jetty.server.Server - jetty-9.4.27.v20200227; built: 2020-03-02T14:40:42.212Z; git: a304fd9f351f337e7c0e2a7c28878dd536149c6c; jvm 1.8.0_231-b11
2020-05-19 00:41:04,039 [Start Help Server] INFO  org.eclipse.jetty.server.session - DefaultSessionIdManager workerName=node0
2020-05-19 00:41:04,039 [Start Help Server] INFO  org.eclipse.jetty.server.session - No SessionScavenger set, using defaults
2020-05-19 00:41:04,041 [Start Help Server] INFO  org.eclipse.jetty.server.session - node0 Scavenging every 660000ms
2020-05-19 00:41:04,093 [Start Help Server] INFO  o.e.j.server.handler.ContextHandler - Started o.e.j.s.ServletContextHandler@492174e9{/help,null,AVAILABLE}
2020-05-19 00:41:04,152 [Start Help Server] INFO  o.e.jetty.server.AbstractConnector - Started ServerConnector@5cbb294d{HTTP/1.1, (http/1.1)}{127.0.0.1:55352}
2020-05-19 00:41:04,152 [Start Help Server] INFO  org.eclipse.jetty.server.Server - Started @1720373ms
2020-05-19 00:41:04,152 [Start Help Server] INFO  org.eclipse.jetty.server.session - node0 Scavenging every 726000ms
2020-05-19 01:49:02,001 [Stop Help Server] INFO  o.e.jetty.server.AbstractConnector - Stopped ServerConnector@5cbb294d{HTTP/1.1, (http/1.1)}{127.0.0.1:0}
2020-05-19 01:49:02,001 [Stop Help Server] INFO  org.eclipse.jetty.server.session - node0 Stopped scavenging
2020-05-19 01:49:02,013 [Stop Help Server] INFO  o.e.j.server.handler.ContextHandler - Stopped o.e.j.s.ServletContextHandler@492174e9{/help,null,UNAVAILABLE}
2020-05-19 14:57:10,806 [Worker-4: Loading available Gradle versions] INFO  o.e.b.c.i.u.g.PublishedGradleVersions - Gradle version information cache is up-to-date. Trying to read.
